<?xml version="1.0" encoding="UTF-8"?>
<testng-results skipped="0" failed="1" ignored="0" total="2" passed="1">
  <reporter-output>
  </reporter-output>
  <suite name="Suite" duration-ms="12394" started-at="2023-08-01T20:00:25 IST" finished-at="2023-08-01T20:00:37 IST">
    <groups>
    </groups>
    <test name="Test" duration-ms="12394" started-at="2023-08-01T20:00:25 IST" finished-at="2023-08-01T20:00:37 IST">
      <class name="com.cjc.MTLoginCheck">
        <test-method status="PASS" signature="openBrowser()[pri:0, instance:com.cjc.MTLoginCheck@67784306]" name="openBrowser" is-config="true" duration-ms="4247" started-at="2023-08-01T20:00:21 IST" finished-at="2023-08-01T20:00:25 IST">
          <reporter-output>
          </reporter-output>
        </test-method> <!-- openBrowser -->
        <test-method status="PASS" signature="enterUrl(java.lang.String)[pri:0, instance:com.cjc.MTLoginCheck@67784306]" name="enterUrl" is-config="true" duration-ms="6640" started-at="2023-08-01T20:00:25 IST" finished-at="2023-08-01T20:00:31 IST">
          <params>
            <param index="0">
              <value>
                <![CDATA[https://demo.guru99.com/test/newtours/index.php]]>
              </value>
            </param>
          </params>
          <reporter-output>
          </reporter-output>
        </test-method> <!-- enterUrl -->
        <test-method status="PASS" signature="maximizeBrowser()[pri:0, instance:com.cjc.MTLoginCheck@67784306]" name="maximizeBrowser" is-config="true" duration-ms="217" started-at="2023-08-01T20:00:32 IST" finished-at="2023-08-01T20:00:32 IST">
          <reporter-output>
          </reporter-output>
        </test-method> <!-- maximizeBrowser -->
        <test-method status="PASS" signature="getCookiesDetails()[pri:0, instance:com.cjc.MTLoginCheck@67784306]" name="getCookiesDetails" is-config="true" duration-ms="68" started-at="2023-08-01T20:00:32 IST" finished-at="2023-08-01T20:00:32 IST">
          <reporter-output>
          </reporter-output>
        </test-method> <!-- getCookiesDetails -->
        <test-method status="FAIL" signature="alogincheck(java.lang.String, java.lang.String)[pri:0, instance:com.cjc.MTLoginCheck@67784306]" name="alogincheck" duration-ms="38" started-at="2023-08-01T20:00:32 IST" finished-at="2023-08-01T20:00:32 IST">
          <params>
            <param index="0">
              <value>
                <![CDATA[QQQQ]]>
              </value>
            </param>
            <param index="1">
              <value>
                <![CDATA[qqqq]]>
              </value>
            </param>
          </params>
          <exception class="java.lang.AssertionError">
            <message>
              <![CDATA[expected [https://demo.guru99.com/test/newtours/index.ph] but found [https://demo.guru99.com/test/newtours/index.php]]]>
            </message>
            <full-stacktrace>
              <![CDATA[java.lang.AssertionError: expected [https://demo.guru99.com/test/newtours/index.ph] but found [https://demo.guru99.com/test/newtours/index.php]
at org.testng.Assert.fail(Assert.java:97)
at org.testng.Assert.assertEqualsImpl(Assert.java:136)
at org.testng.Assert.assertEquals(Assert.java:118)
at org.testng.Assert.assertEquals(Assert.java:575)
at org.testng.Assert.assertEquals(Assert.java:585)
at com.cjc.MTLoginCheck.alogincheck(MTLoginCheck.java:74)
at sun.reflect.NativeMethodAccessorImpl.invoke0(Native Method)
at sun.reflect.NativeMethodAccessorImpl.invoke(Unknown Source)
at sun.reflect.DelegatingMethodAccessorImpl.invoke(Unknown Source)
at java.lang.reflect.Method.invoke(Unknown Source)
at org.testng.internal.MethodInvocationHelper.invokeMethod(MethodInvocationHelper.java:133)
at org.testng.internal.TestInvoker.invokeMethod(TestInvoker.java:584)
at org.testng.internal.TestInvoker.invokeTestMethod(TestInvoker.java:172)
at org.testng.internal.MethodRunner.runInSequence(MethodRunner.java:46)
at org.testng.internal.TestInvoker$MethodInvocationAgent.invoke(TestInvoker.java:804)
at org.testng.internal.TestInvoker.invokeTestMethods(TestInvoker.java:145)
at org.testng.internal.TestMethodWorker.invokeTestMethods(TestMethodWorker.java:146)
at org.testng.internal.TestMethodWorker.run(TestMethodWorker.java:128)
at java.util.ArrayList.forEach(Unknown Source)
at org.testng.TestRunner.privateRun(TestRunner.java:770)
at org.testng.TestRunner.run(TestRunner.java:591)
at org.testng.SuiteRunner.runTest(SuiteRunner.java:402)
at org.testng.SuiteRunner.runSequentially(SuiteRunner.java:396)
at org.testng.SuiteRunner.privateRun(SuiteRunner.java:355)
at org.testng.SuiteRunner.run(SuiteRunner.java:304)
at org.testng.SuiteRunnerWorker.runSuite(SuiteRunnerWorker.java:53)
at org.testng.SuiteRunnerWorker.run(SuiteRunnerWorker.java:96)
at org.testng.TestNG.runSuitesSequentially(TestNG.java:1180)
at org.testng.TestNG.runSuitesLocally(TestNG.java:1102)
at org.testng.TestNG.runSuites(TestNG.java:1032)
at org.testng.TestNG.run(TestNG.java:1000)
at org.testng.remote.AbstractRemoteTestNG.run(AbstractRemoteTestNG.java:115)
at org.testng.remote.RemoteTestNG.initAndRun(RemoteTestNG.java:251)
at org.testng.remote.RemoteTestNG.main(RemoteTestNG.java:77)
]]>
            </full-stacktrace>
          </exception> <!-- java.lang.AssertionError -->
          <reporter-output>
          </reporter-output>
        </test-method> <!-- alogincheck -->
        <test-method status="PASS" signature="captureSc()[pri:0, instance:com.cjc.MTLoginCheck@67784306]" name="captureSc" is-config="true" duration-ms="445" started-at="2023-08-01T20:00:32 IST" finished-at="2023-08-01T20:00:32 IST">
          <reporter-output>
          </reporter-output>
        </test-method> <!-- captureSc -->
        <test-method status="PASS" signature="getCookiesDetails()[pri:0, instance:com.cjc.MTLoginCheck@67784306]" name="getCookiesDetails" is-config="true" duration-ms="80" started-at="2023-08-01T20:00:32 IST" finished-at="2023-08-01T20:00:32 IST">
          <reporter-output>
          </reporter-output>
        </test-method> <!-- getCookiesDetails -->
        <test-method status="PASS" signature="alogincheck1(java.lang.String, java.lang.String)[pri:0, instance:com.cjc.MTLoginCheck@67784306]" name="alogincheck1" duration-ms="3507" started-at="2023-08-01T20:00:32 IST" finished-at="2023-08-01T20:00:36 IST">
          <params>
            <param index="0">
              <value>
                <![CDATA[ZZZZ]]>
              </value>
            </param>
            <param index="1">
              <value>
                <![CDATA[zzzz]]>
              </value>
            </param>
          </params>
          <reporter-output>
          </reporter-output>
        </test-method> <!-- alogincheck1 -->
        <test-method status="PASS" signature="captureSc()[pri:0, instance:com.cjc.MTLoginCheck@67784306]" name="captureSc" is-config="true" duration-ms="1221" started-at="2023-08-01T20:00:36 IST" finished-at="2023-08-01T20:00:37 IST">
          <reporter-output>
          </reporter-output>
        </test-method> <!-- captureSc -->
        <test-method status="PASS" signature="deleteCookies()[pri:0, instance:com.cjc.MTLoginCheck@67784306]" name="deleteCookies" is-config="true" duration-ms="1" started-at="2023-08-01T20:00:37 IST" finished-at="2023-08-01T20:00:37 IST">
          <reporter-output>
          </reporter-output>
        </test-method> <!-- deleteCookies -->
        <test-method status="PASS" signature="dbClose()[pri:0, instance:com.cjc.MTLoginCheck@67784306]" name="dbClose" is-config="true" duration-ms="0" started-at="2023-08-01T20:00:37 IST" finished-at="2023-08-01T20:00:37 IST">
          <reporter-output>
          </reporter-output>
        </test-method> <!-- dbClose -->
        <test-method status="PASS" signature="closeBrowser()[pri:0, instance:com.cjc.MTLoginCheck@67784306]" name="closeBrowser" is-config="true" duration-ms="2" started-at="2023-08-01T20:00:37 IST" finished-at="2023-08-01T20:00:37 IST">
          <reporter-output>
          </reporter-output>
        </test-method> <!-- closeBrowser -->
      </class> <!-- com.cjc.MTLoginCheck -->
    </test> <!-- Test -->
  </suite> <!-- Suite -->
</testng-results>
